This is pdfTeX, Version 3.14159265-2.6-1.40.19 (TeX Live 2018) (preloaded format=pdflatex 2018.4.16)  9 OCT 2018 17:32
entering extended mode
 restricted \write18 enabled.
 %&-line parsing enabled.
**stamp_prints_p1.tex
(./stamp_prints_p1.tex
LaTeX2e <2018-04-01> patch level 2
Babel <3.18> and hyphenation patterns for 84 language(s) loaded.
(/usr/local/texlive/2018/texmf-dist/tex/latex/base/article.cls
Document Class: article 2014/09/29 v1.4h Standard LaTeX document class
(/usr/local/texlive/2018/texmf-dist/tex/latex/base/size10.clo
File: size10.clo 2014/09/29 v1.4h Standard LaTeX file (size option)
)
\c@part=\count80
\c@section=\count81
\c@subsection=\count82
\c@subsubsection=\count83
\c@paragraph=\count84
\c@subparagraph=\count85
\c@figure=\count86
\c@table=\count87
\abovecaptionskip=\skip41
\belowcaptionskip=\skip42
\bibindent=\dimen102
)
(/usr/local/texlive/2018/texmf-dist/tex/latex/base/inputenc.sty
Package: inputenc 2018/04/06 v1.3b Input encoding file
\inpenc@prehook=\toks14
\inpenc@posthook=\toks15

(/usr/local/texlive/2018/texmf-dist/tex/latex/base/latin1.def
File: latin1.def 2018/04/06 v1.3b Input encoding file
))
(/usr/local/texlive/2018/texmf-dist/tex/latex/amsmath/amsmath.sty
Package: amsmath 2017/09/02 v2.17a AMS math features
\@mathmargin=\skip43

For additional information on amsmath, use the `?' option.
(/usr/local/texlive/2018/texmf-dist/tex/latex/amsmath/amstext.sty
Package: amstext 2000/06/29 v2.01 AMS text

(/usr/local/texlive/2018/texmf-dist/tex/latex/amsmath/amsgen.sty
File: amsgen.sty 1999/11/30 v2.0 generic functions
\@emptytoks=\toks16
\ex@=\dimen103
))
(/usr/local/texlive/2018/texmf-dist/tex/latex/amsmath/amsbsy.sty
Package: amsbsy 1999/11/29 v1.2d Bold Symbols
\pmbraise@=\dimen104
)
(/usr/local/texlive/2018/texmf-dist/tex/latex/amsmath/amsopn.sty
Package: amsopn 2016/03/08 v2.02 operator names
)
\inf@bad=\count88
LaTeX Info: Redefining \frac on input line 213.
\uproot@=\count89
\leftroot@=\count90
LaTeX Info: Redefining \overline on input line 375.
\classnum@=\count91
\DOTSCASE@=\count92
LaTeX Info: Redefining \ldots on input line 472.
LaTeX Info: Redefining \dots on input line 475.
LaTeX Info: Redefining \cdots on input line 596.
\Mathstrutbox@=\box26
\strutbox@=\box27
\big@size=\dimen105
LaTeX Font Info:    Redeclaring font encoding OML on input line 712.
LaTeX Font Info:    Redeclaring font encoding OMS on input line 713.
\macc@depth=\count93
\c@MaxMatrixCols=\count94
\dotsspace@=\muskip10
\c@parentequation=\count95
\dspbrk@lvl=\count96
\tag@help=\toks17
\row@=\count97
\column@=\count98
\maxfields@=\count99
\andhelp@=\toks18
\eqnshift@=\dimen106
\alignsep@=\dimen107
\tagshift@=\dimen108
\tagwidth@=\dimen109
\totwidth@=\dimen110
\lineht@=\dimen111
\@envbody=\toks19
\multlinegap=\skip44
\multlinetaggap=\skip45
\mathdisplay@stack=\toks20
LaTeX Info: Redefining \[ on input line 2817.
LaTeX Info: Redefining \] on input line 2818.
)
(/usr/local/texlive/2018/texmf-dist/tex/latex/amsfonts/amsfonts.sty
Package: amsfonts 2013/01/14 v3.01 Basic AMSFonts support
\symAMSa=\mathgroup4
\symAMSb=\mathgroup5
LaTeX Font Info:    Overwriting math alphabet `\mathfrak' in version `bold'
(Font)                  U/euf/m/n --> U/euf/b/n on input line 106.
)
(/usr/local/texlive/2018/texmf-dist/tex/latex/amsfonts/amssymb.sty
Package: amssymb 2013/01/14 v3.01 AMS font symbols
)
(/usr/local/texlive/2018/texmf-dist/tex/latex/graphics/graphicx.sty
Package: graphicx 2017/06/01 v1.1a Enhanced LaTeX Graphics (DPC,SPQR)

(/usr/local/texlive/2018/texmf-dist/tex/latex/graphics/keyval.sty
Package: keyval 2014/10/28 v1.15 key=value parser (DPC)
\KV@toks@=\toks21
)
(/usr/local/texlive/2018/texmf-dist/tex/latex/graphics/graphics.sty
Package: graphics 2017/06/25 v1.2c Standard LaTeX Graphics (DPC,SPQR)

(/usr/local/texlive/2018/texmf-dist/tex/latex/graphics/trig.sty
Package: trig 2016/01/03 v1.10 sin cos tan (DPC)
)
(/usr/local/texlive/2018/texmf-dist/tex/latex/graphics-cfg/graphics.cfg
File: graphics.cfg 2016/06/04 v1.11 sample graphics configuration
)
Package graphics Info: Driver file: pdftex.def on input line 99.

(/usr/local/texlive/2018/texmf-dist/tex/latex/graphics-def/pdftex.def
File: pdftex.def 2018/01/08 v1.0l Graphics/color driver for pdftex
))
\Gin@req@height=\dimen112
\Gin@req@width=\dimen113
)
(/usr/local/texlive/2018/texmf-dist/tex/latex/geometry/geometry.sty
Package: geometry 2018/03/24 v5.7 Page Geometry

(/usr/local/texlive/2018/texmf-dist/tex/generic/oberdiek/ifpdf.sty
Package: ifpdf 2017/03/15 v3.2 Provides the ifpdf switch
)
(/usr/local/texlive/2018/texmf-dist/tex/generic/oberdiek/ifvtex.sty
Package: ifvtex 2016/05/16 v1.6 Detect VTeX and its facilities (HO)
Package ifvtex Info: VTeX not detected.
)
(/usr/local/texlive/2018/texmf-dist/tex/generic/ifxetex/ifxetex.sty
Package: ifxetex 2010/09/12 v0.6 Provides ifxetex conditional
)
\Gm@cnth=\count100
\Gm@cntv=\count101
\c@Gm@tempcnt=\count102
\Gm@bindingoffset=\dimen114
\Gm@wd@mp=\dimen115
\Gm@odd@mp=\dimen116
\Gm@even@mp=\dimen117
\Gm@layoutwidth=\dimen118
\Gm@layoutheight=\dimen119
\Gm@layouthoffset=\dimen120
\Gm@layoutvoffset=\dimen121
\Gm@dimlist=\toks22
)
(./stamp_prints_p1.aux)
\openout1 = `stamp_prints_p1.aux'.

LaTeX Font Info:    Checking defaults for OML/cmm/m/it on input line 9.
LaTeX Font Info:    ... okay on input line 9.
LaTeX Font Info:    Checking defaults for T1/cmr/m/n on input line 9.
LaTeX Font Info:    ... okay on input line 9.
LaTeX Font Info:    Checking defaults for OT1/cmr/m/n on input line 9.
LaTeX Font Info:    ... okay on input line 9.
LaTeX Font Info:    Checking defaults for OMS/cmsy/m/n on input line 9.
LaTeX Font Info:    ... okay on input line 9.
LaTeX Font Info:    Checking defaults for OMX/cmex/m/n on input line 9.
LaTeX Font Info:    ... okay on input line 9.
LaTeX Font Info:    Checking defaults for U/cmr/m/n on input line 9.
LaTeX Font Info:    ... okay on input line 9.

(/usr/local/texlive/2018/texmf-dist/tex/context/base/mkii/supp-pdf.mkii
[Loading MPS to PDF converter (version 2006.09.02).]
\scratchcounter=\count103
\scratchdimen=\dimen122
\scratchbox=\box28
\nofMPsegments=\count104
\nofMParguments=\count105
\everyMPshowfont=\toks23
\MPscratchCnt=\count106
\MPscratchDim=\dimen123
\MPnumerator=\count107
\makeMPintoPDFobject=\count108
\everyMPtoPDFconversion=\toks24
) (/usr/local/texlive/2018/texmf-dist/tex/latex/oberdiek/epstopdf-base.sty
Package: epstopdf-base 2016/05/15 v2.6 Base part for package epstopdf

(/usr/local/texlive/2018/texmf-dist/tex/generic/oberdiek/infwarerr.sty
Package: infwarerr 2016/05/16 v1.4 Providing info/warning/error messages (HO)
)
(/usr/local/texlive/2018/texmf-dist/tex/latex/oberdiek/grfext.sty
Package: grfext 2016/05/16 v1.2 Manage graphics extensions (HO)

(/usr/local/texlive/2018/texmf-dist/tex/generic/oberdiek/kvdefinekeys.sty
Package: kvdefinekeys 2016/05/16 v1.4 Define keys (HO)

(/usr/local/texlive/2018/texmf-dist/tex/generic/oberdiek/ltxcmds.sty
Package: ltxcmds 2016/05/16 v1.23 LaTeX kernel commands for general use (HO)
)))
(/usr/local/texlive/2018/texmf-dist/tex/latex/oberdiek/kvoptions.sty
Package: kvoptions 2016/05/16 v3.12 Key value format for package options (HO)

(/usr/local/texlive/2018/texmf-dist/tex/generic/oberdiek/kvsetkeys.sty
Package: kvsetkeys 2016/05/16 v1.17 Key value parser (HO)

(/usr/local/texlive/2018/texmf-dist/tex/generic/oberdiek/etexcmds.sty
Package: etexcmds 2016/05/16 v1.6 Avoid name clashes with e-TeX commands (HO)

(/usr/local/texlive/2018/texmf-dist/tex/generic/oberdiek/ifluatex.sty
Package: ifluatex 2016/05/16 v1.4 Provides the ifluatex switch (HO)
Package ifluatex Info: LuaTeX not detected.
)
Package etexcmds Info: Could not find \expanded.
(etexcmds)             That can mean that you are not using pdfTeX 1.50 or
(etexcmds)             that some package has redefined \expanded.
(etexcmds)             In the latter case, load this package earlier.
)))
(/usr/local/texlive/2018/texmf-dist/tex/generic/oberdiek/pdftexcmds.sty
Package: pdftexcmds 2018/01/30 v0.27 Utility functions of pdfTeX for LuaTeX (HO
)
Package pdftexcmds Info: LuaTeX not detected.
Package pdftexcmds Info: \pdf@primitive is available.
Package pdftexcmds Info: \pdf@ifprimitive is available.
Package pdftexcmds Info: \pdfdraftmode found.
)
Package epstopdf-base Info: Redefining graphics rule for `.eps' on input line 4
38.
Package grfext Info: Graphics extension search list:
(grfext)             [.pdf,.png,.jpg,.mps,.jpeg,.jbig2,.jb2,.PDF,.PNG,.JPG,.JPE
G,.JBIG2,.JB2,.eps]
(grfext)             \AppendGraphicsExtensions on input line 456.

(/usr/local/texlive/2018/texmf-dist/tex/latex/latexconfig/epstopdf-sys.cfg
File: epstopdf-sys.cfg 2010/07/13 v1.3 Configuration of (r)epstopdf for TeX Liv
e
))
*geometry* driver: auto-detecting
*geometry* detected driver: pdftex
*geometry* verbose mode - [ preamble ] result:
* driver: pdftex
* paper: a4paper
* layout: <same size as paper>
* layoutoffset:(h,v)=(0.0pt,0.0pt)
* modes: 
* h-part:(L,W,R)=(56.90552pt, 483.69684pt, 56.90552pt)
* v-part:(T,H,B)=(30.72897pt, 768.2244pt, 46.09348pt)
* \paperwidth=597.50787pt
* \paperheight=845.04684pt
* \textwidth=483.69684pt
* \textheight=768.2244pt
* \oddsidemargin=-15.36447pt
* \evensidemargin=-15.36447pt
* \topmargin=-78.54102pt
* \headheight=12.0pt
* \headsep=25.0pt
* \topskip=10.0pt
* \footskip=30.0pt
* \marginparwidth=57.0pt
* \marginparsep=11.0pt
* \columnsep=10.0pt
* \skip\footins=9.0pt plus 4.0pt minus 2.0pt
* \hoffset=0.0pt
* \voffset=0.0pt
* \mag=1000
* \@twocolumnfalse
* \@twosidefalse
* \@mparswitchfalse
* \@reversemarginfalse
* (1in=72.27pt=25.4mm, 1cm=28.453pt)

<data/image_stamps/a1.png, id=1, 462.528pt x 346.896pt>
File: data/image_stamps/a1.png Graphic file (type png)
<use data/image_stamps/a1.png>
Package pdftex.def Info: data/image_stamps/a1.png  used on input line 12.
(pdftex.def)             Requested size: 462.52686pt x 346.89514pt.
<data/image_stamps/a2.png, id=3, 462.528pt x 346.896pt>
File: data/image_stamps/a2.png Graphic file (type png)
<use data/image_stamps/a2.png>
Package pdftex.def Info: data/image_stamps/a2.png  used on input line 15.
(pdftex.def)             Requested size: 462.52686pt x 346.89514pt.
<data/image_stamps/a3.png, id=4, 462.528pt x 346.896pt>
File: data/image_stamps/a3.png Graphic file (type png)
<use data/image_stamps/a3.png>
Package pdftex.def Info: data/image_stamps/a3.png  used on input line 18.
(pdftex.def)             Requested size: 462.52686pt x 346.89514pt.
<data/image_stamps/a4.png, id=5, 462.528pt x 346.896pt>
File: data/image_stamps/a4.png Graphic file (type png)
<use data/image_stamps/a4.png>
Package pdftex.def Info: data/image_stamps/a4.png  used on input line 21.
(pdftex.def)             Requested size: 462.52686pt x 346.89514pt.
<data/image_stamps/a5.png, id=6, 462.528pt x 346.896pt>
File: data/image_stamps/a5.png Graphic file (type png)
<use data/image_stamps/a5.png>
Package pdftex.def Info: data/image_stamps/a5.png  used on input line 24.
(pdftex.def)             Requested size: 462.52686pt x 346.89514pt.
<data/image_stamps/a6.png, id=7, 462.528pt x 346.896pt>
File: data/image_stamps/a6.png Graphic file (type png)
<use data/image_stamps/a6.png>
Package pdftex.def Info: data/image_stamps/a6.png  used on input line 27.
(pdftex.def)             Requested size: 462.52686pt x 346.89514pt.
<data/image_stamps/a7.png, id=8, 462.528pt x 346.896pt>
File: data/image_stamps/a7.png Graphic file (type png)
<use data/image_stamps/a7.png>
Package pdftex.def Info: data/image_stamps/a7.png  used on input line 30.
(pdftex.def)             Requested size: 462.52686pt x 346.89514pt.
<data/image_stamps/a8.png, id=9, 462.528pt x 346.896pt>
File: data/image_stamps/a8.png Graphic file (type png)
<use data/image_stamps/a8.png>
Package pdftex.def Info: data/image_stamps/a8.png  used on input line 33.
(pdftex.def)             Requested size: 462.52686pt x 346.89514pt.
<data/image_stamps/a9.png, id=10, 462.528pt x 346.896pt>
File: data/image_stamps/a9.png Graphic file (type png)
<use data/image_stamps/a9.png>
Package pdftex.def Info: data/image_stamps/a9.png  used on input line 36.
(pdftex.def)             Requested size: 462.52686pt x 346.89514pt.
<data/image_stamps/a10.png, id=11, 462.528pt x 346.896pt>
File: data/image_stamps/a10.png Graphic file (type png)
<use data/image_stamps/a10.png>
Package pdftex.def Info: data/image_stamps/a10.png  used on input line 39.
(pdftex.def)             Requested size: 462.52686pt x 346.89514pt.
<data/image_stamps/a11.png, id=12, 462.528pt x 346.896pt>
File: data/image_stamps/a11.png Graphic file (type png)
<use data/image_stamps/a11.png>
Package pdftex.def Info: data/image_stamps/a11.png  used on input line 42.
(pdftex.def)             Requested size: 462.52686pt x 346.89514pt.
<data/image_stamps/a12.png, id=13, 462.528pt x 346.896pt>
File: data/image_stamps/a12.png Graphic file (type png)
<use data/image_stamps/a12.png>
Package pdftex.def Info: data/image_stamps/a12.png  used on input line 45.
(pdftex.def)             Requested size: 462.52686pt x 346.89514pt.
<data/image_stamps/b1.png, id=14, 462.528pt x 346.896pt>
File: data/image_stamps/b1.png Graphic file (type png)
<use data/image_stamps/b1.png>
Package pdftex.def Info: data/image_stamps/b1.png  used on input line 50.
(pdftex.def)             Requested size: 462.52686pt x 346.89514pt.
<data/image_stamps/b2.png, id=15, 462.528pt x 346.896pt>
File: data/image_stamps/b2.png Graphic file (type png)
<use data/image_stamps/b2.png>
Package pdftex.def Info: data/image_stamps/b2.png  used on input line 53.
(pdftex.def)             Requested size: 462.52686pt x 346.89514pt.
<data/image_stamps/b3.png, id=16, 462.528pt x 346.896pt>
File: data/image_stamps/b3.png Graphic file (type png)
<use data/image_stamps/b3.png>
Package pdftex.def Info: data/image_stamps/b3.png  used on input line 56.
(pdftex.def)             Requested size: 462.52686pt x 346.89514pt.
<data/image_stamps/b4.png, id=17, 462.528pt x 346.896pt>
File: data/image_stamps/b4.png Graphic file (type png)
<use data/image_stamps/b4.png>
Package pdftex.def Info: data/image_stamps/b4.png  used on input line 59.
(pdftex.def)             Requested size: 462.52686pt x 346.89514pt.
<data/image_stamps/b5.png, id=18, 462.528pt x 346.896pt>
File: data/image_stamps/b5.png Graphic file (type png)
<use data/image_stamps/b5.png>
Package pdftex.def Info: data/image_stamps/b5.png  used on input line 62.
(pdftex.def)             Requested size: 462.52686pt x 346.89514pt.
<data/image_stamps/b6.png, id=19, 462.528pt x 346.896pt>
File: data/image_stamps/b6.png Graphic file (type png)
<use data/image_stamps/b6.png>
Package pdftex.def Info: data/image_stamps/b6.png  used on input line 65.
(pdftex.def)             Requested size: 462.52686pt x 346.89514pt.
<data/image_stamps/b7.png, id=20, 462.528pt x 346.896pt>
File: data/image_stamps/b7.png Graphic file (type png)
<use data/image_stamps/b7.png>
Package pdftex.def Info: data/image_stamps/b7.png  used on input line 68.
(pdftex.def)             Requested size: 462.52686pt x 346.89514pt.
<data/image_stamps/b8.png, id=21, 462.528pt x 346.896pt>
File: data/image_stamps/b8.png Graphic file (type png)
<use data/image_stamps/b8.png>
Package pdftex.def Info: data/image_stamps/b8.png  used on input line 71.
(pdftex.def)             Requested size: 462.52686pt x 346.89514pt.
<data/image_stamps/b9.png, id=22, 462.528pt x 346.896pt>
File: data/image_stamps/b9.png Graphic file (type png)
<use data/image_stamps/b9.png>
Package pdftex.def Info: data/image_stamps/b9.png  used on input line 74.
(pdftex.def)             Requested size: 462.52686pt x 346.89514pt.
<data/image_stamps/b10.png, id=23, 462.528pt x 346.896pt>
File: data/image_stamps/b10.png Graphic file (type png)
<use data/image_stamps/b10.png>
Package pdftex.def Info: data/image_stamps/b10.png  used on input line 77.
(pdftex.def)             Requested size: 462.52686pt x 346.89514pt.
<data/image_stamps/b11.png, id=24, 462.528pt x 346.896pt>
File: data/image_stamps/b11.png Graphic file (type png)
<use data/image_stamps/b11.png>
Package pdftex.def Info: data/image_stamps/b11.png  used on input line 80.
(pdftex.def)             Requested size: 462.52686pt x 346.89514pt.
<data/image_stamps/b12.png, id=25, 462.528pt x 346.896pt>
File: data/image_stamps/b12.png Graphic file (type png)
<use data/image_stamps/b12.png>
Package pdftex.def Info: data/image_stamps/b12.png  used on input line 83.
(pdftex.def)             Requested size: 462.52686pt x 346.89514pt.
<data/image_stamps/c1.png, id=26, 462.528pt x 346.896pt>
File: data/image_stamps/c1.png Graphic file (type png)
<use data/image_stamps/c1.png>
Package pdftex.def Info: data/image_stamps/c1.png  used on input line 88.
(pdftex.def)             Requested size: 462.52686pt x 346.89514pt.
<data/image_stamps/c2.png, id=27, 462.528pt x 346.896pt>
File: data/image_stamps/c2.png Graphic file (type png)
<use data/image_stamps/c2.png>
Package pdftex.def Info: data/image_stamps/c2.png  used on input line 91.
(pdftex.def)             Requested size: 462.52686pt x 346.89514pt.
<data/image_stamps/c3.png, id=28, 462.528pt x 346.896pt>
File: data/image_stamps/c3.png Graphic file (type png)
<use data/image_stamps/c3.png>
Package pdftex.def Info: data/image_stamps/c3.png  used on input line 94.
(pdftex.def)             Requested size: 462.52686pt x 346.89514pt.
<data/image_stamps/c4.png, id=29, 462.528pt x 346.896pt>
File: data/image_stamps/c4.png Graphic file (type png)
<use data/image_stamps/c4.png>
Package pdftex.def Info: data/image_stamps/c4.png  used on input line 97.
(pdftex.def)             Requested size: 462.52686pt x 346.89514pt.
<data/image_stamps/c5.png, id=30, 462.528pt x 346.896pt>
File: data/image_stamps/c5.png Graphic file (type png)
<use data/image_stamps/c5.png>
Package pdftex.def Info: data/image_stamps/c5.png  used on input line 100.
(pdftex.def)             Requested size: 462.52686pt x 346.89514pt.
<data/image_stamps/c6.png, id=31, 462.528pt x 346.896pt>
File: data/image_stamps/c6.png Graphic file (type png)
<use data/image_stamps/c6.png>
Package pdftex.def Info: data/image_stamps/c6.png  used on input line 103.
(pdftex.def)             Requested size: 462.52686pt x 346.89514pt.
<data/image_stamps/c7.png, id=32, 462.528pt x 346.896pt>
File: data/image_stamps/c7.png Graphic file (type png)
<use data/image_stamps/c7.png>
Package pdftex.def Info: data/image_stamps/c7.png  used on input line 106.
(pdftex.def)             Requested size: 462.52686pt x 346.89514pt.
<data/image_stamps/c8.png, id=33, 462.528pt x 346.896pt>
File: data/image_stamps/c8.png Graphic file (type png)
<use data/image_stamps/c8.png>
Package pdftex.def Info: data/image_stamps/c8.png  used on input line 109.
(pdftex.def)             Requested size: 462.52686pt x 346.89514pt.
<data/image_stamps/c9.png, id=34, 462.528pt x 346.896pt>
File: data/image_stamps/c9.png Graphic file (type png)
<use data/image_stamps/c9.png>
Package pdftex.def Info: data/image_stamps/c9.png  used on input line 112.
(pdftex.def)             Requested size: 462.52686pt x 346.89514pt.
<data/image_stamps/c10.png, id=35, 462.528pt x 346.896pt>
File: data/image_stamps/c10.png Graphic file (type png)
<use data/image_stamps/c10.png>
Package pdftex.def Info: data/image_stamps/c10.png  used on input line 115.
(pdftex.def)             Requested size: 462.52686pt x 346.89514pt.
<data/image_stamps/c11.png, id=36, 462.528pt x 346.896pt>
File: data/image_stamps/c11.png Graphic file (type png)
<use data/image_stamps/c11.png>
Package pdftex.def Info: data/image_stamps/c11.png  used on input line 118.
(pdftex.def)             Requested size: 462.52686pt x 346.89514pt.
<data/image_stamps/c12.png, id=37, 462.528pt x 346.896pt>
File: data/image_stamps/c12.png Graphic file (type png)
<use data/image_stamps/c12.png>
Package pdftex.def Info: data/image_stamps/c12.png  used on input line 121.
(pdftex.def)             Requested size: 462.52686pt x 346.89514pt.
<data/image_stamps/d1.png, id=38, 462.528pt x 346.896pt>
File: data/image_stamps/d1.png Graphic file (type png)
<use data/image_stamps/d1.png>
Package pdftex.def Info: data/image_stamps/d1.png  used on input line 125.
(pdftex.def)             Requested size: 462.52686pt x 346.89514pt.
<data/image_stamps/d2.png, id=39, 462.528pt x 346.896pt>
File: data/image_stamps/d2.png Graphic file (type png)
<use data/image_stamps/d2.png>
Package pdftex.def Info: data/image_stamps/d2.png  used on input line 128.
(pdftex.def)             Requested size: 462.52686pt x 346.89514pt.
<data/image_stamps/d3.png, id=40, 462.528pt x 346.896pt>
File: data/image_stamps/d3.png Graphic file (type png)
<use data/image_stamps/d3.png>
Package pdftex.def Info: data/image_stamps/d3.png  used on input line 131.
(pdftex.def)             Requested size: 462.52686pt x 346.89514pt.
<data/image_stamps/d4.png, id=41, 462.528pt x 346.896pt>
File: data/image_stamps/d4.png Graphic file (type png)
<use data/image_stamps/d4.png>
Package pdftex.def Info: data/image_stamps/d4.png  used on input line 134.
(pdftex.def)             Requested size: 462.52686pt x 346.89514pt.
<data/image_stamps/d5.png, id=42, 462.528pt x 346.896pt>
File: data/image_stamps/d5.png Graphic file (type png)
<use data/image_stamps/d5.png>
Package pdftex.def Info: data/image_stamps/d5.png  used on input line 137.
(pdftex.def)             Requested size: 462.52686pt x 346.89514pt.
<data/image_stamps/d6.png, id=43, 462.528pt x 346.896pt>
File: data/image_stamps/d6.png Graphic file (type png)
<use data/image_stamps/d6.png>
Package pdftex.def Info: data/image_stamps/d6.png  used on input line 140.
(pdftex.def)             Requested size: 462.52686pt x 346.89514pt.
<data/image_stamps/d7.png, id=44, 462.528pt x 346.896pt>
File: data/image_stamps/d7.png Graphic file (type png)
<use data/image_stamps/d7.png>
Package pdftex.def Info: data/image_stamps/d7.png  used on input line 143.
(pdftex.def)             Requested size: 462.52686pt x 346.89514pt.
<data/image_stamps/d8.png, id=45, 462.528pt x 346.896pt>
File: data/image_stamps/d8.png Graphic file (type png)
<use data/image_stamps/d8.png>
Package pdftex.def Info: data/image_stamps/d8.png  used on input line 146.
(pdftex.def)             Requested size: 462.52686pt x 346.89514pt.
<data/image_stamps/d9.png, id=46, 462.528pt x 346.896pt>
File: data/image_stamps/d9.png Graphic file (type png)
<use data/image_stamps/d9.png>
Package pdftex.def Info: data/image_stamps/d9.png  used on input line 149.
(pdftex.def)             Requested size: 462.52686pt x 346.89514pt.
<data/image_stamps/d10.png, id=47, 462.528pt x 346.896pt>
File: data/image_stamps/d10.png Graphic file (type png)
<use data/image_stamps/d10.png>
Package pdftex.def Info: data/image_stamps/d10.png  used on input line 152.
(pdftex.def)             Requested size: 462.52686pt x 346.89514pt.
<data/image_stamps/d11.png, id=48, 462.528pt x 346.896pt>
File: data/image_stamps/d11.png Graphic file (type png)
<use data/image_stamps/d11.png>
Package pdftex.def Info: data/image_stamps/d11.png  used on input line 155.
(pdftex.def)             Requested size: 462.52686pt x 346.89514pt.
<data/image_stamps/d12.png, id=49, 462.528pt x 346.896pt>
File: data/image_stamps/d12.png Graphic file (type png)
<use data/image_stamps/d12.png>
Package pdftex.def Info: data/image_stamps/d12.png  used on input line 158.
(pdftex.def)             Requested size: 462.52686pt x 346.89514pt.
<data/image_stamps/e1.png, id=50, 462.528pt x 346.896pt>
File: data/image_stamps/e1.png Graphic file (type png)
<use data/image_stamps/e1.png>
Package pdftex.def Info: data/image_stamps/e1.png  used on input line 161.
(pdftex.def)             Requested size: 462.52686pt x 346.89514pt.
<data/image_stamps/e2.png, id=51, 462.528pt x 346.896pt>
File: data/image_stamps/e2.png Graphic file (type png)
<use data/image_stamps/e2.png>
Package pdftex.def Info: data/image_stamps/e2.png  used on input line 164.
(pdftex.def)             Requested size: 462.52686pt x 346.89514pt.
[1{/usr/local/texlive/2018/texmf-var/fonts/map/pdftex/updmap/pdftex.map} <./dat
a/image_stamps/a1.png> <./data/image_stamps/a2.png>] [2 <./data/image_stamps/a3
.png> <./data/image_stamps/a4.png>] [3 <./data/image_stamps/a5.png> <./data/ima
ge_stamps/a6.png>] [4 <./data/image_stamps/a7.png> <./data/image_stamps/a8.png>
] [5 <./data/image_stamps/a9.png> <./data/image_stamps/a10.png>] [6 <./data/ima
ge_stamps/a11.png> <./data/image_stamps/a12.png>] [7 <./data/image_stamps/b1.pn
g> <./data/image_stamps/b2.png>] [8 <./data/image_stamps/b3.png> <./data/image_
stamps/b4.png>] [9 <./data/image_stamps/b5.png> <./data/image_stamps/b6.png>]
[10 <./data/image_stamps/b7.png> <./data/image_stamps/b8.png>] [11 <./data/imag
e_stamps/b9.png> <./data/image_stamps/b10.png>] [12 <./data/image_stamps/b11.pn
g> <./data/image_stamps/b12.png>] [13 <./data/image_stamps/c1.png> <./data/imag
e_stamps/c2.png>] [14 <./data/image_stamps/c3.png> <./data/image_stamps/c4.png>
] [15 <./data/image_stamps/c5.png> <./data/image_stamps/c6.png>] [16 <./data/im
age_stamps/c7.png> <./data/image_stamps/c8.png>] [17 <./data/image_stamps/c9.pn
g> <./data/image_stamps/c10.png>] [18 <./data/image_stamps/c11.png> <./data/ima
ge_stamps/c12.png>] [19 <./data/image_stamps/d1.png> <./data/image_stamps/d2.pn
g>] [20 <./data/image_stamps/d3.png> <./data/image_stamps/d4.png>] [21 <./data/
image_stamps/d5.png> <./data/image_stamps/d6.png>] [22 <./data/image_stamps/d7.
png> <./data/image_stamps/d8.png>] [23 <./data/image_stamps/d9.png> <./data/ima
ge_stamps/d10.png>] [24 <./data/image_stamps/d11.png> <./data/image_stamps/d12.
png>] [25 <./data/image_stamps/e1.png> <./data/image_stamps/e2.png>]
(./stamp_prints_p1.aux) ) 
Here is how much of TeX's memory you used:
 3056 strings out of 492649
 44292 string characters out of 6129622
 112452 words of memory out of 5000000
 6868 multiletter control sequences out of 15000+600000
 3640 words of font info for 14 fonts, out of 8000000 for 9000
 1141 hyphenation exceptions out of 8191
 41i,5n,25p,282b,205s stack positions out of 5000i,500n,10000p,200000b,80000s
</usr/local/texlive/2018/texmf-dist/fonts/type1/public
/amsfonts/cm/cmr10.pfb>
Output written on stamp_prints_p1.pdf (25 pages, 1236356 bytes).
PDF statistics:
 190 PDF objects out of 1000 (max. 8388607)
 61 compressed objects within 1 object stream
 0 named destinations out of 1000 (max. 500000)
 251 words of extra memory for PDF output out of 10000 (max. 10000000)

